<?xml version="1.0" encoding="UTF-8"?>
<!-- Generated by org.testng.reporters.JUnitReportReporter -->
<testsuite hostname="Admin-PC" name="pkg.testPost" tests="1" failures="0" timestamp="29 Sep 2019 13:32:59 GMT" time="2.858" errors="0">
  <testcase name="testPostRequest" time="2.858" classname="pkg.testPost"/>
</testsuite> <!-- pkg.testPost -->
