<?xml version="1.0" encoding="UTF-8"?>
<!-- Generated by org.testng.reporters.JUnitReportReporter -->
<testsuite hostname="Admin-PC" name="pkg.testDelete" tests="1" failures="0" timestamp="29 Sep 2019 13:46:01 GMT" time="2.223" errors="0">
  <testcase name="testPostRequest" time="2.223" classname="pkg.testDelete"/>
</testsuite> <!-- pkg.testDelete -->
