<?xml version="1.0" encoding="UTF-8"?>
<!-- Generated by org.testng.reporters.JUnitReportReporter -->
<testsuite hostname="Admin-PC" name="pkg.testPut" tests="1" failures="0" timestamp="29 Sep 2019 14:13:04 GMT" time="2.799" errors="0">
  <testcase name="testPutRequest" time="2.799" classname="pkg.testPut"/>
</testsuite> <!-- pkg.testPut -->
