<?xml version="1.0" encoding="UTF-8"?>
<!-- Generated by org.testng.reporters.JUnitReportReporter -->
<testsuite hostname="Admin-PC" name="pkg.testGet" tests="1" failures="0" timestamp="29 Sep 2019 13:07:58 GMT" time="2.315" errors="0">
  <testcase name="testGetRequest" time="2.315" classname="pkg.testGet"/>
</testsuite> <!-- pkg.testGet -->
